
*** Running vivado
    with args -log user_proj_example.vds -m64 -product Vivado -mode batch -messageDb vivado.pb -notrace -source user_proj_example.tcl


****** Vivado v2022.1 (64-bit)
  **** SW Build 3526262 on Mon Apr 18 15:47:01 MDT 2022
  **** IP Build 3524634 on Mon Apr 18 20:55:01 MDT 2022
    ** Copyright 1986-2022 Xilinx, Inc. All Rights Reserved.

source user_proj_example.tcl -notrace
Command: synth_design -top user_proj_example -part xc7z020clg400-1
Starting synth_design
Attempting to get a license for feature 'Synthesis' and/or device 'xc7z020'
INFO: [Common 17-349] Got license for feature 'Synthesis' and/or device 'xc7z020'
INFO: [Device 21-403] Loading part xc7z020clg400-1
INFO: [Synth 8-7079] Multithreading enabled for synth_design using a maximum of 4 processes.
INFO: [Synth 8-7078] Launching helper process for spawning children vivado processes
INFO: [Synth 8-7075] Helper process launched with PID 21092
WARNING: [Synth 8-9887] parameter declaration becomes local in 'fir' with formal parameter declaration list [/home/ubuntu/Desktop/nthu_SoC/lab4/SoC_Design_Lab4_2/rtl/user/fir.v:57]
WARNING: [Synth 8-9887] parameter declaration becomes local in 'fir' with formal parameter declaration list [/home/ubuntu/Desktop/nthu_SoC/lab4/SoC_Design_Lab4_2/rtl/user/fir.v:58]
WARNING: [Synth 8-9887] parameter declaration becomes local in 'fir' with formal parameter declaration list [/home/ubuntu/Desktop/nthu_SoC/lab4/SoC_Design_Lab4_2/rtl/user/fir.v:59]
WARNING: [Synth 8-9887] parameter declaration becomes local in 'fir' with formal parameter declaration list [/home/ubuntu/Desktop/nthu_SoC/lab4/SoC_Design_Lab4_2/rtl/user/fir.v:60]
WARNING: [Synth 8-9887] parameter declaration becomes local in 'fir' with formal parameter declaration list [/home/ubuntu/Desktop/nthu_SoC/lab4/SoC_Design_Lab4_2/rtl/user/fir.v:61]
WARNING: [Synth 8-9887] parameter declaration becomes local in 'fir' with formal parameter declaration list [/home/ubuntu/Desktop/nthu_SoC/lab4/SoC_Design_Lab4_2/rtl/user/fir.v:62]
WARNING: [Synth 8-9887] parameter declaration becomes local in 'fir' with formal parameter declaration list [/home/ubuntu/Desktop/nthu_SoC/lab4/SoC_Design_Lab4_2/rtl/user/fir.v:63]
WARNING: [Synth 8-9887] parameter declaration becomes local in 'fir' with formal parameter declaration list [/home/ubuntu/Desktop/nthu_SoC/lab4/SoC_Design_Lab4_2/rtl/user/fir.v:64]
WARNING: [Synth 8-6901] identifier 'start' is used before its declaration [/home/ubuntu/Desktop/nthu_SoC/lab4/SoC_Design_Lab4_2/rtl/user/fir.v:84]
WARNING: [Synth 8-9971] redeclaration of ansi port 'io_in' is not allowed [/home/ubuntu/Desktop/nthu_SoC/lab4/SoC_Design_Lab4_2/rtl/user/user_proj_example.counter.v:42]
WARNING: [Synth 8-9971] redeclaration of ansi port 'io_out' is not allowed [/home/ubuntu/Desktop/nthu_SoC/lab4/SoC_Design_Lab4_2/rtl/user/user_proj_example.counter.v:43]
WARNING: [Synth 8-9971] redeclaration of ansi port 'io_oeb' is not allowed [/home/ubuntu/Desktop/nthu_SoC/lab4/SoC_Design_Lab4_2/rtl/user/user_proj_example.counter.v:44]
---------------------------------------------------------------------------------
Starting RTL Elaboration : Time (s): cpu = 00:00:02 ; elapsed = 00:00:04 . Memory (MB): peak = 2903.078 ; gain = 0.000 ; free physical = 642 ; free virtual = 4759
---------------------------------------------------------------------------------
INFO: [Synth 8-6157] synthesizing module 'user_proj_example' [/home/ubuntu/Desktop/nthu_SoC/lab4/SoC_Design_Lab4_2/rtl/user/user_proj_example.counter.v:5]
INFO: [Synth 8-6157] synthesizing module 'wb_axistream' [/home/ubuntu/Desktop/nthu_SoC/lab4/SoC_Design_Lab4_2/rtl/user/wb_axistream.v:1]
WARNING: [Synth 8-6104] Input port 'ss_tready' has an internal driver [/home/ubuntu/Desktop/nthu_SoC/lab4/SoC_Design_Lab4_2/rtl/user/wb_axistream.v:65]
INFO: [Synth 8-6155] done synthesizing module 'wb_axistream' (0#1) [/home/ubuntu/Desktop/nthu_SoC/lab4/SoC_Design_Lab4_2/rtl/user/wb_axistream.v:1]
WARNING: [Synth 8-689] width (4) of port connection 'wb_we_i' does not match port width (1) of module 'wb_axistream' [/home/ubuntu/Desktop/nthu_SoC/lab4/SoC_Design_Lab4_2/rtl/user/user_proj_example.counter.v:150]
INFO: [Synth 8-6157] synthesizing module 'fir' [/home/ubuntu/Desktop/nthu_SoC/lab4/SoC_Design_Lab4_2/rtl/user/fir.v:2]
INFO: [Synth 8-226] default block is never used [/home/ubuntu/Desktop/nthu_SoC/lab4/SoC_Design_Lab4_2/rtl/user/fir.v:82]
INFO: [Synth 8-6155] done synthesizing module 'fir' (0#1) [/home/ubuntu/Desktop/nthu_SoC/lab4/SoC_Design_Lab4_2/rtl/user/fir.v:2]
INFO: [Synth 8-6157] synthesizing module 'bram' [/home/ubuntu/Desktop/nthu_SoC/lab4/SoC_Design_Lab4_2/rtl/user/bram.v:1]
INFO: [Synth 8-6155] done synthesizing module 'bram' (0#1) [/home/ubuntu/Desktop/nthu_SoC/lab4/SoC_Design_Lab4_2/rtl/user/bram.v:1]
INFO: [Synth 8-6155] done synthesizing module 'user_proj_example' (0#1) [/home/ubuntu/Desktop/nthu_SoC/lab4/SoC_Design_Lab4_2/rtl/user/user_proj_example.counter.v:5]
WARNING: [Synth 8-6014] Unused sequential element data_length_reg was removed.  [/home/ubuntu/Desktop/nthu_SoC/lab4/SoC_Design_Lab4_2/rtl/user/fir.v:164]
WARNING: [Synth 8-3848] Net sm_tlast in module/entity fir does not have driver. [/home/ubuntu/Desktop/nthu_SoC/lab4/SoC_Design_Lab4_2/rtl/user/fir.v:35]
WARNING: [Synth 8-3848] Net count in module/entity user_proj_example does not have driver. [/home/ubuntu/Desktop/nthu_SoC/lab4/SoC_Design_Lab4_2/rtl/user/user_proj_example.counter.v:48]
WARNING: [Synth 8-3917] design user_proj_example has port la_data_out[127] driven by constant 0
WARNING: [Synth 8-3917] design user_proj_example has port la_data_out[126] driven by constant 0
WARNING: [Synth 8-3917] design user_proj_example has port la_data_out[125] driven by constant 0
WARNING: [Synth 8-3917] design user_proj_example has port la_data_out[124] driven by constant 0
WARNING: [Synth 8-3917] design user_proj_example has port la_data_out[123] driven by constant 0
WARNING: [Synth 8-3917] design user_proj_example has port la_data_out[122] driven by constant 0
WARNING: [Synth 8-3917] design user_proj_example has port la_data_out[121] driven by constant 0
WARNING: [Synth 8-3917] design user_proj_example has port la_data_out[120] driven by constant 0
WARNING: [Synth 8-3917] design user_proj_example has port la_data_out[119] driven by constant 0
WARNING: [Synth 8-3917] design user_proj_example has port la_data_out[118] driven by constant 0
WARNING: [Synth 8-3917] design user_proj_example has port la_data_out[117] driven by constant 0
WARNING: [Synth 8-3917] design user_proj_example has port la_data_out[116] driven by constant 0
WARNING: [Synth 8-3917] design user_proj_example has port la_data_out[115] driven by constant 0
WARNING: [Synth 8-3917] design user_proj_example has port la_data_out[114] driven by constant 0
WARNING: [Synth 8-3917] design user_proj_example has port la_data_out[113] driven by constant 0
WARNING: [Synth 8-3917] design user_proj_example has port la_data_out[112] driven by constant 0
WARNING: [Synth 8-3917] design user_proj_example has port la_data_out[111] driven by constant 0
WARNING: [Synth 8-3917] design user_proj_example has port la_data_out[110] driven by constant 0
WARNING: [Synth 8-3917] design user_proj_example has port la_data_out[109] driven by constant 0
WARNING: [Synth 8-3917] design user_proj_example has port la_data_out[108] driven by constant 0
WARNING: [Synth 8-3917] design user_proj_example has port la_data_out[107] driven by constant 0
WARNING: [Synth 8-3917] design user_proj_example has port la_data_out[106] driven by constant 0
WARNING: [Synth 8-3917] design user_proj_example has port la_data_out[105] driven by constant 0
WARNING: [Synth 8-3917] design user_proj_example has port la_data_out[104] driven by constant 0
WARNING: [Synth 8-3917] design user_proj_example has port la_data_out[103] driven by constant 0
WARNING: [Synth 8-3917] design user_proj_example has port la_data_out[102] driven by constant 0
WARNING: [Synth 8-3917] design user_proj_example has port la_data_out[101] driven by constant 0
WARNING: [Synth 8-3917] design user_proj_example has port la_data_out[100] driven by constant 0
WARNING: [Synth 8-3917] design user_proj_example has port la_data_out[99] driven by constant 0
WARNING: [Synth 8-3917] design user_proj_example has port la_data_out[98] driven by constant 0
WARNING: [Synth 8-3917] design user_proj_example has port la_data_out[97] driven by constant 0
WARNING: [Synth 8-3917] design user_proj_example has port la_data_out[96] driven by constant 0
WARNING: [Synth 8-3917] design user_proj_example has port la_data_out[95] driven by constant 0
WARNING: [Synth 8-3917] design user_proj_example has port la_data_out[94] driven by constant 0
WARNING: [Synth 8-3917] design user_proj_example has port la_data_out[93] driven by constant 0
WARNING: [Synth 8-3917] design user_proj_example has port la_data_out[92] driven by constant 0
WARNING: [Synth 8-3917] design user_proj_example has port la_data_out[91] driven by constant 0
WARNING: [Synth 8-3917] design user_proj_example has port la_data_out[90] driven by constant 0
WARNING: [Synth 8-3917] design user_proj_example has port la_data_out[89] driven by constant 0
WARNING: [Synth 8-3917] design user_proj_example has port la_data_out[88] driven by constant 0
WARNING: [Synth 8-3917] design user_proj_example has port la_data_out[87] driven by constant 0
WARNING: [Synth 8-3917] design user_proj_example has port la_data_out[86] driven by constant 0
WARNING: [Synth 8-3917] design user_proj_example has port la_data_out[85] driven by constant 0
WARNING: [Synth 8-3917] design user_proj_example has port la_data_out[84] driven by constant 0
WARNING: [Synth 8-3917] design user_proj_example has port la_data_out[83] driven by constant 0
WARNING: [Synth 8-3917] design user_proj_example has port la_data_out[82] driven by constant 0
WARNING: [Synth 8-3917] design user_proj_example has port la_data_out[81] driven by constant 0
WARNING: [Synth 8-3917] design user_proj_example has port la_data_out[80] driven by constant 0
WARNING: [Synth 8-3917] design user_proj_example has port la_data_out[79] driven by constant 0
WARNING: [Synth 8-3917] design user_proj_example has port la_data_out[78] driven by constant 0
WARNING: [Synth 8-3917] design user_proj_example has port la_data_out[77] driven by constant 0
WARNING: [Synth 8-3917] design user_proj_example has port la_data_out[76] driven by constant 0
WARNING: [Synth 8-3917] design user_proj_example has port la_data_out[75] driven by constant 0
WARNING: [Synth 8-3917] design user_proj_example has port la_data_out[74] driven by constant 0
WARNING: [Synth 8-3917] design user_proj_example has port la_data_out[73] driven by constant 0
WARNING: [Synth 8-3917] design user_proj_example has port la_data_out[72] driven by constant 0
WARNING: [Synth 8-3917] design user_proj_example has port la_data_out[71] driven by constant 0
WARNING: [Synth 8-3917] design user_proj_example has port la_data_out[70] driven by constant 0
WARNING: [Synth 8-3917] design user_proj_example has port la_data_out[69] driven by constant 0
WARNING: [Synth 8-3917] design user_proj_example has port la_data_out[68] driven by constant 0
WARNING: [Synth 8-3917] design user_proj_example has port la_data_out[67] driven by constant 0
WARNING: [Synth 8-3917] design user_proj_example has port la_data_out[66] driven by constant 0
WARNING: [Synth 8-3917] design user_proj_example has port la_data_out[65] driven by constant 0
WARNING: [Synth 8-3917] design user_proj_example has port la_data_out[64] driven by constant 0
WARNING: [Synth 8-3917] design user_proj_example has port la_data_out[63] driven by constant 0
WARNING: [Synth 8-3917] design user_proj_example has port la_data_out[62] driven by constant 0
WARNING: [Synth 8-3917] design user_proj_example has port la_data_out[61] driven by constant 0
WARNING: [Synth 8-3917] design user_proj_example has port la_data_out[60] driven by constant 0
WARNING: [Synth 8-3917] design user_proj_example has port la_data_out[59] driven by constant 0
WARNING: [Synth 8-3917] design user_proj_example has port la_data_out[58] driven by constant 0
WARNING: [Synth 8-3917] design user_proj_example has port la_data_out[57] driven by constant 0
WARNING: [Synth 8-3917] design user_proj_example has port la_data_out[56] driven by constant 0
WARNING: [Synth 8-3917] design user_proj_example has port la_data_out[55] driven by constant 0
WARNING: [Synth 8-3917] design user_proj_example has port la_data_out[54] driven by constant 0
WARNING: [Synth 8-3917] design user_proj_example has port la_data_out[53] driven by constant 0
WARNING: [Synth 8-3917] design user_proj_example has port la_data_out[52] driven by constant 0
WARNING: [Synth 8-3917] design user_proj_example has port la_data_out[51] driven by constant 0
WARNING: [Synth 8-3917] design user_proj_example has port la_data_out[50] driven by constant 0
WARNING: [Synth 8-3917] design user_proj_example has port la_data_out[49] driven by constant 0
WARNING: [Synth 8-3917] design user_proj_example has port la_data_out[48] driven by constant 0
WARNING: [Synth 8-3917] design user_proj_example has port la_data_out[47] driven by constant 0
WARNING: [Synth 8-3917] design user_proj_example has port la_data_out[46] driven by constant 0
WARNING: [Synth 8-3917] design user_proj_example has port la_data_out[45] driven by constant 0
WARNING: [Synth 8-3917] design user_proj_example has port la_data_out[44] driven by constant 0
WARNING: [Synth 8-3917] design user_proj_example has port la_data_out[43] driven by constant 0
WARNING: [Synth 8-3917] design user_proj_example has port la_data_out[42] driven by constant 0
WARNING: [Synth 8-3917] design user_proj_example has port la_data_out[41] driven by constant 0
WARNING: [Synth 8-3917] design user_proj_example has port la_data_out[40] driven by constant 0
WARNING: [Synth 8-3917] design user_proj_example has port la_data_out[39] driven by constant 0
WARNING: [Synth 8-3917] design user_proj_example has port la_data_out[38] driven by constant 0
WARNING: [Synth 8-3917] design user_proj_example has port la_data_out[37] driven by constant 0
WARNING: [Synth 8-3917] design user_proj_example has port la_data_out[36] driven by constant 0
WARNING: [Synth 8-3917] design user_proj_example has port la_data_out[35] driven by constant 0
WARNING: [Synth 8-3917] design user_proj_example has port la_data_out[34] driven by constant 0
WARNING: [Synth 8-3917] design user_proj_example has port la_data_out[33] driven by constant 0
WARNING: [Synth 8-3917] design user_proj_example has port la_data_out[32] driven by constant 0
WARNING: [Synth 8-3917] design user_proj_example has port io_out[37] driven by constant 0
WARNING: [Synth 8-3917] design user_proj_example has port io_out[36] driven by constant 0
WARNING: [Synth 8-3917] design user_proj_example has port io_out[35] driven by constant 0
WARNING: [Synth 8-3917] design user_proj_example has port io_out[34] driven by constant 0
INFO: [Common 17-14] Message 'Synth 8-3917' appears 100 times and further instances of the messages will be disabled. Use the Tcl command set_msg_config to change the current settings.
WARNING: [Synth 8-7129] Port A0[31] in module bram is either unconnected or has no load
WARNING: [Synth 8-7129] Port A0[30] in module bram is either unconnected or has no load
WARNING: [Synth 8-7129] Port A0[29] in module bram is either unconnected or has no load
WARNING: [Synth 8-7129] Port A0[28] in module bram is either unconnected or has no load
WARNING: [Synth 8-7129] Port A0[27] in module bram is either unconnected or has no load
WARNING: [Synth 8-7129] Port A0[26] in module bram is either unconnected or has no load
WARNING: [Synth 8-7129] Port A0[25] in module bram is either unconnected or has no load
WARNING: [Synth 8-7129] Port A0[24] in module bram is either unconnected or has no load
WARNING: [Synth 8-7129] Port A0[23] in module bram is either unconnected or has no load
WARNING: [Synth 8-7129] Port A0[22] in module bram is either unconnected or has no load
WARNING: [Synth 8-7129] Port A0[21] in module bram is either unconnected or has no load
WARNING: [Synth 8-7129] Port A0[20] in module bram is either unconnected or has no load
WARNING: [Synth 8-7129] Port A0[19] in module bram is either unconnected or has no load
WARNING: [Synth 8-7129] Port A0[18] in module bram is either unconnected or has no load
WARNING: [Synth 8-7129] Port A0[17] in module bram is either unconnected or has no load
WARNING: [Synth 8-7129] Port A0[16] in module bram is either unconnected or has no load
WARNING: [Synth 8-7129] Port A0[15] in module bram is either unconnected or has no load
WARNING: [Synth 8-7129] Port A0[14] in module bram is either unconnected or has no load
WARNING: [Synth 8-7129] Port A0[13] in module bram is either unconnected or has no load
WARNING: [Synth 8-7129] Port A0[12] in module bram is either unconnected or has no load
WARNING: [Synth 8-7129] Port sm_tlast in module fir is either unconnected or has no load
WARNING: [Synth 8-7129] Port ss_tlast in module fir is either unconnected or has no load
WARNING: [Synth 8-7129] Port wb_clk_i in module wb_axistream is either unconnected or has no load
WARNING: [Synth 8-7129] Port wb_rst_i in module wb_axistream is either unconnected or has no load
WARNING: [Synth 8-7129] Port wb_adr_i[31] in module wb_axistream is either unconnected or has no load
WARNING: [Synth 8-7129] Port wb_adr_i[30] in module wb_axistream is either unconnected or has no load
WARNING: [Synth 8-7129] Port wb_adr_i[29] in module wb_axistream is either unconnected or has no load
WARNING: [Synth 8-7129] Port wb_adr_i[28] in module wb_axistream is either unconnected or has no load
WARNING: [Synth 8-7129] Port wb_adr_i[27] in module wb_axistream is either unconnected or has no load
WARNING: [Synth 8-7129] Port wb_adr_i[26] in module wb_axistream is either unconnected or has no load
WARNING: [Synth 8-7129] Port wb_adr_i[25] in module wb_axistream is either unconnected or has no load
WARNING: [Synth 8-7129] Port wb_adr_i[24] in module wb_axistream is either unconnected or has no load
WARNING: [Synth 8-7129] Port wb_adr_i[23] in module wb_axistream is either unconnected or has no load
WARNING: [Synth 8-7129] Port wb_adr_i[22] in module wb_axistream is either unconnected or has no load
WARNING: [Synth 8-7129] Port wb_adr_i[21] in module wb_axistream is either unconnected or has no load
WARNING: [Synth 8-7129] Port wb_adr_i[20] in module wb_axistream is either unconnected or has no load
WARNING: [Synth 8-7129] Port wb_adr_i[19] in module wb_axistream is either unconnected or has no load
WARNING: [Synth 8-7129] Port wb_adr_i[18] in module wb_axistream is either unconnected or has no load
WARNING: [Synth 8-7129] Port wb_adr_i[17] in module wb_axistream is either unconnected or has no load
WARNING: [Synth 8-7129] Port wb_adr_i[16] in module wb_axistream is either unconnected or has no load
WARNING: [Synth 8-7129] Port wb_adr_i[15] in module wb_axistream is either unconnected or has no load
WARNING: [Synth 8-7129] Port wb_adr_i[14] in module wb_axistream is either unconnected or has no load
WARNING: [Synth 8-7129] Port wb_adr_i[13] in module wb_axistream is either unconnected or has no load
WARNING: [Synth 8-7129] Port wb_adr_i[12] in module wb_axistream is either unconnected or has no load
WARNING: [Synth 8-7129] Port rvalid in module wb_axistream is either unconnected or has no load
WARNING: [Synth 8-7129] Port la_data_in[127] in module user_proj_example is either unconnected or has no load
WARNING: [Synth 8-7129] Port la_data_in[126] in module user_proj_example is either unconnected or has no load
WARNING: [Synth 8-7129] Port la_data_in[125] in module user_proj_example is either unconnected or has no load
WARNING: [Synth 8-7129] Port la_data_in[124] in module user_proj_example is either unconnected or has no load
WARNING: [Synth 8-7129] Port la_data_in[123] in module user_proj_example is either unconnected or has no load
WARNING: [Synth 8-7129] Port la_data_in[122] in module user_proj_example is either unconnected or has no load
WARNING: [Synth 8-7129] Port la_data_in[121] in module user_proj_example is either unconnected or has no load
WARNING: [Synth 8-7129] Port la_data_in[120] in module user_proj_example is either unconnected or has no load
WARNING: [Synth 8-7129] Port la_data_in[119] in module user_proj_example is either unconnected or has no load
WARNING: [Synth 8-7129] Port la_data_in[118] in module user_proj_example is either unconnected or has no load
WARNING: [Synth 8-7129] Port la_data_in[117] in module user_proj_example is either unconnected or has no load
WARNING: [Synth 8-7129] Port la_data_in[116] in module user_proj_example is either unconnected or has no load
WARNING: [Synth 8-7129] Port la_data_in[115] in module user_proj_example is either unconnected or has no load
WARNING: [Synth 8-7129] Port la_data_in[114] in module user_proj_example is either unconnected or has no load
WARNING: [Synth 8-7129] Port la_data_in[113] in module user_proj_example is either unconnected or has no load
WARNING: [Synth 8-7129] Port la_data_in[112] in module user_proj_example is either unconnected or has no load
WARNING: [Synth 8-7129] Port la_data_in[111] in module user_proj_example is either unconnected or has no load
WARNING: [Synth 8-7129] Port la_data_in[110] in module user_proj_example is either unconnected or has no load
WARNING: [Synth 8-7129] Port la_data_in[109] in module user_proj_example is either unconnected or has no load
WARNING: [Synth 8-7129] Port la_data_in[108] in module user_proj_example is either unconnected or has no load
WARNING: [Synth 8-7129] Port la_data_in[107] in module user_proj_example is either unconnected or has no load
WARNING: [Synth 8-7129] Port la_data_in[106] in module user_proj_example is either unconnected or has no load
WARNING: [Synth 8-7129] Port la_data_in[105] in module user_proj_example is either unconnected or has no load
WARNING: [Synth 8-7129] Port la_data_in[104] in module user_proj_example is either unconnected or has no load
WARNING: [Synth 8-7129] Port la_data_in[103] in module user_proj_example is either unconnected or has no load
WARNING: [Synth 8-7129] Port la_data_in[102] in module user_proj_example is either unconnected or has no load
WARNING: [Synth 8-7129] Port la_data_in[101] in module user_proj_example is either unconnected or has no load
WARNING: [Synth 8-7129] Port la_data_in[100] in module user_proj_example is either unconnected or has no load
WARNING: [Synth 8-7129] Port la_data_in[99] in module user_proj_example is either unconnected or has no load
WARNING: [Synth 8-7129] Port la_data_in[98] in module user_proj_example is either unconnected or has no load
WARNING: [Synth 8-7129] Port la_data_in[97] in module user_proj_example is either unconnected or has no load
WARNING: [Synth 8-7129] Port la_data_in[96] in module user_proj_example is either unconnected or has no load
WARNING: [Synth 8-7129] Port la_data_in[95] in module user_proj_example is either unconnected or has no load
WARNING: [Synth 8-7129] Port la_data_in[94] in module user_proj_example is either unconnected or has no load
WARNING: [Synth 8-7129] Port la_data_in[93] in module user_proj_example is either unconnected or has no load
WARNING: [Synth 8-7129] Port la_data_in[92] in module user_proj_example is either unconnected or has no load
WARNING: [Synth 8-7129] Port la_data_in[91] in module user_proj_example is either unconnected or has no load
WARNING: [Synth 8-7129] Port la_data_in[90] in module user_proj_example is either unconnected or has no load
WARNING: [Synth 8-7129] Port la_data_in[89] in module user_proj_example is either unconnected or has no load
WARNING: [Synth 8-7129] Port la_data_in[88] in module user_proj_example is either unconnected or has no load
WARNING: [Synth 8-7129] Port la_data_in[87] in module user_proj_example is either unconnected or has no load
WARNING: [Synth 8-7129] Port la_data_in[86] in module user_proj_example is either unconnected or has no load
WARNING: [Synth 8-7129] Port la_data_in[85] in module user_proj_example is either unconnected or has no load
WARNING: [Synth 8-7129] Port la_data_in[84] in module user_proj_example is either unconnected or has no load
WARNING: [Synth 8-7129] Port la_data_in[83] in module user_proj_example is either unconnected or has no load
WARNING: [Synth 8-7129] Port la_data_in[82] in module user_proj_example is either unconnected or has no load
WARNING: [Synth 8-7129] Port la_data_in[81] in module user_proj_example is either unconnected or has no load
WARNING: [Synth 8-7129] Port la_data_in[80] in module user_proj_example is either unconnected or has no load
WARNING: [Synth 8-7129] Port la_data_in[79] in module user_proj_example is either unconnected or has no load
WARNING: [Synth 8-7129] Port la_data_in[78] in module user_proj_example is either unconnected or has no load
WARNING: [Synth 8-7129] Port la_data_in[77] in module user_proj_example is either unconnected or has no load
WARNING: [Synth 8-7129] Port la_data_in[76] in module user_proj_example is either unconnected or has no load
WARNING: [Synth 8-7129] Port la_data_in[75] in module user_proj_example is either unconnected or has no load
WARNING: [Synth 8-7129] Port la_data_in[74] in module user_proj_example is either unconnected or has no load
WARNING: [Synth 8-7129] Port la_data_in[73] in module user_proj_example is either unconnected or has no load
INFO: [Common 17-14] Message 'Synth 8-7129' appears 100 times and further instances of the messages will be disabled. Use the Tcl command set_msg_config to change the current settings.
---------------------------------------------------------------------------------
Finished RTL Elaboration : Time (s): cpu = 00:00:03 ; elapsed = 00:00:05 . Memory (MB): peak = 2903.078 ; gain = 0.000 ; free physical = 1718 ; free virtual = 5838
---------------------------------------------------------------------------------
---------------------------------------------------------------------------------
Start Handling Custom Attributes
---------------------------------------------------------------------------------
---------------------------------------------------------------------------------
Finished Handling Custom Attributes : Time (s): cpu = 00:00:03 ; elapsed = 00:00:06 . Memory (MB): peak = 2903.078 ; gain = 0.000 ; free physical = 1718 ; free virtual = 5839
---------------------------------------------------------------------------------
---------------------------------------------------------------------------------
Finished RTL Optimization Phase 1 : Time (s): cpu = 00:00:03 ; elapsed = 00:00:06 . Memory (MB): peak = 2903.078 ; gain = 0.000 ; free physical = 1718 ; free virtual = 5839
---------------------------------------------------------------------------------
Netlist sorting complete. Time (s): cpu = 00:00:00 ; elapsed = 00:00:00.01 . Memory (MB): peak = 2903.078 ; gain = 0.000 ; free physical = 1718 ; free virtual = 5839
INFO: [Project 1-570] Preparing netlist for logic optimization

Processing XDC Constraints
Initializing timing engine
Parsing XDC File [/home/ubuntu/Desktop/nthu_SoC/lab4/SoC_Design_Lab4_2/testbench/counter_la_fir/vivado/project_1/project_1.srcs/constrs_1/new/constraints.xdc]
Finished Parsing XDC File [/home/ubuntu/Desktop/nthu_SoC/lab4/SoC_Design_Lab4_2/testbench/counter_la_fir/vivado/project_1/project_1.srcs/constrs_1/new/constraints.xdc]
Completed Processing XDC Constraints

Netlist sorting complete. Time (s): cpu = 00:00:00 ; elapsed = 00:00:00 . Memory (MB): peak = 2919.086 ; gain = 0.000 ; free physical = 1631 ; free virtual = 5766
INFO: [Project 1-111] Unisim Transformation Summary:
No Unisim elements were transformed.

Constraint Validation Runtime : Time (s): cpu = 00:00:00.01 ; elapsed = 00:00:00.02 . Memory (MB): peak = 2919.086 ; gain = 0.000 ; free physical = 1631 ; free virtual = 5766
---------------------------------------------------------------------------------
Finished Constraint Validation : Time (s): cpu = 00:00:08 ; elapsed = 00:00:11 . Memory (MB): peak = 2919.086 ; gain = 16.008 ; free physical = 1685 ; free virtual = 5821
---------------------------------------------------------------------------------
---------------------------------------------------------------------------------
Start Loading Part and Timing Information
---------------------------------------------------------------------------------
Loading part: xc7z020clg400-1
---------------------------------------------------------------------------------
Finished Loading Part and Timing Information : Time (s): cpu = 00:00:08 ; elapsed = 00:00:12 . Memory (MB): peak = 2919.086 ; gain = 16.008 ; free physical = 1685 ; free virtual = 5821
---------------------------------------------------------------------------------
---------------------------------------------------------------------------------
Start Applying 'set_property' XDC Constraints
---------------------------------------------------------------------------------
---------------------------------------------------------------------------------
Finished applying 'set_property' XDC Constraints : Time (s): cpu = 00:00:08 ; elapsed = 00:00:12 . Memory (MB): peak = 2919.086 ; gain = 16.008 ; free physical = 1685 ; free virtual = 5821
---------------------------------------------------------------------------------
---------------------------------------------------------------------------------
Finished RTL Optimization Phase 2 : Time (s): cpu = 00:00:08 ; elapsed = 00:00:12 . Memory (MB): peak = 2919.086 ; gain = 16.008 ; free physical = 1671 ; free virtual = 5809
---------------------------------------------------------------------------------
---------------------------------------------------------------------------------
Start RTL Component Statistics 
---------------------------------------------------------------------------------
Detailed RTL Component Info : 
+---Adders : 
	   2 Input   32 Bit       Adders := 1     
	   2 Input   16 Bit       Adders := 1     
	   2 Input   12 Bit       Adders := 3     
	   2 Input   10 Bit       Adders := 1     
	   2 Input    4 Bit       Adders := 1     
+---Registers : 
	               32 Bit    Registers := 7     
	               16 Bit    Registers := 1     
	                3 Bit    Registers := 1     
	                1 Bit    Registers := 2     
+---Multipliers : 
	              32x32  Multipliers := 1     
+---RAMs : 
	             128K Bit	(4096 X 32 bit)          RAMs := 3     
+---Muxes : 
	   2 Input   32 Bit        Muxes := 26    
	   2 Input   16 Bit        Muxes := 1     
	   2 Input   12 Bit        Muxes := 5     
	   2 Input    8 Bit        Muxes := 3     
	   2 Input    3 Bit        Muxes := 4     
	   2 Input    2 Bit        Muxes := 1     
	   2 Input    1 Bit        Muxes := 42    
	   3 Input    1 Bit        Muxes := 5     
---------------------------------------------------------------------------------
Finished RTL Component Statistics 
---------------------------------------------------------------------------------
---------------------------------------------------------------------------------
Start Part Resource Summary
---------------------------------------------------------------------------------
Part Resources:
DSPs: 220 (col length:60)
BRAMs: 280 (col length: RAMB18 60 RAMB36 30)
---------------------------------------------------------------------------------
Finished Part Resource Summary
---------------------------------------------------------------------------------
---------------------------------------------------------------------------------
Start Cross Boundary and Area Optimization
---------------------------------------------------------------------------------
WARNING: [Synth 8-7080] Parallel synthesis criteria is not met
DSP Report: Generating DSP fir/acc_reg1, operation Mode is: A*B.
DSP Report: operator fir/acc_reg1 is absorbed into DSP fir/acc_reg1.
DSP Report: operator fir/acc_reg1 is absorbed into DSP fir/acc_reg1.
DSP Report: Generating DSP fir/acc_reg1, operation Mode is: (PCIN>>17)+A*B.
DSP Report: operator fir/acc_reg1 is absorbed into DSP fir/acc_reg1.
DSP Report: operator fir/acc_reg1 is absorbed into DSP fir/acc_reg1.
DSP Report: Generating DSP fir/acc_reg1, operation Mode is: A*B.
DSP Report: operator fir/acc_reg1 is absorbed into DSP fir/acc_reg1.
DSP Report: operator fir/acc_reg1 is absorbed into DSP fir/acc_reg1.
DSP Report: Generating DSP fir/acc_reg1, operation Mode is: (PCIN>>17)+A*B.
DSP Report: operator fir/acc_reg1 is absorbed into DSP fir/acc_reg1.
DSP Report: operator fir/acc_reg1 is absorbed into DSP fir/acc_reg1.
CRITICAL WARNING: [Synth 8-6859] multi-driven net on pin Q with 1st driver pin 'fir/awready_reg__0/Q' [/home/ubuntu/Desktop/nthu_SoC/lab4/SoC_Design_Lab4_2/rtl/user/fir.v:142]
CRITICAL WARNING: [Synth 8-6859] multi-driven net on pin Q with 2nd driver pin 'GND' [/home/ubuntu/Desktop/nthu_SoC/lab4/SoC_Design_Lab4_2/rtl/user/fir.v:142]
CRITICAL WARNING: [Synth 8-6858] multi-driven net Q is connected to at least one constant driver which has been preserved, other driver is ignored [/home/ubuntu/Desktop/nthu_SoC/lab4/SoC_Design_Lab4_2/rtl/user/fir.v:142]
CRITICAL WARNING: [Synth 8-6859] multi-driven net on pin Q with 1st driver pin 'fir/wready_reg__0/Q' [/home/ubuntu/Desktop/nthu_SoC/lab4/SoC_Design_Lab4_2/rtl/user/fir.v:143]
CRITICAL WARNING: [Synth 8-6859] multi-driven net on pin Q with 2nd driver pin 'GND' [/home/ubuntu/Desktop/nthu_SoC/lab4/SoC_Design_Lab4_2/rtl/user/fir.v:143]
CRITICAL WARNING: [Synth 8-6858] multi-driven net Q is connected to at least one constant driver which has been preserved, other driver is ignored [/home/ubuntu/Desktop/nthu_SoC/lab4/SoC_Design_Lab4_2/rtl/user/fir.v:143]
CRITICAL WARNING: [Synth 8-6859] multi-driven net on pin Q with 1st driver pin 'fir/arready_reg__0/Q' [/home/ubuntu/Desktop/nthu_SoC/lab4/SoC_Design_Lab4_2/rtl/user/fir.v:144]
CRITICAL WARNING: [Synth 8-6859] multi-driven net on pin Q with 2nd driver pin 'GND' [/home/ubuntu/Desktop/nthu_SoC/lab4/SoC_Design_Lab4_2/rtl/user/fir.v:144]
CRITICAL WARNING: [Synth 8-6858] multi-driven net Q is connected to at least one constant driver which has been preserved, other driver is ignored [/home/ubuntu/Desktop/nthu_SoC/lab4/SoC_Design_Lab4_2/rtl/user/fir.v:144]
CRITICAL WARNING: [Synth 8-6859] multi-driven net on pin Q with 1st driver pin 'fir/rvalid_reg__0/Q' [/home/ubuntu/Desktop/nthu_SoC/lab4/SoC_Design_Lab4_2/rtl/user/fir.v:145]
CRITICAL WARNING: [Synth 8-6859] multi-driven net on pin Q with 2nd driver pin 'GND' [/home/ubuntu/Desktop/nthu_SoC/lab4/SoC_Design_Lab4_2/rtl/user/fir.v:145]
CRITICAL WARNING: [Synth 8-6858] multi-driven net Q is connected to at least one constant driver which has been preserved, other driver is ignored [/home/ubuntu/Desktop/nthu_SoC/lab4/SoC_Design_Lab4_2/rtl/user/fir.v:145]
CRITICAL WARNING: [Synth 8-6859] multi-driven net on pin Q with 1st driver pin 'fir/start_reg/Q' [/home/ubuntu/Desktop/nthu_SoC/lab4/SoC_Design_Lab4_2/rtl/user/fir.v:308]
CRITICAL WARNING: [Synth 8-6859] multi-driven net on pin Q with 2nd driver pin 'GND' [/home/ubuntu/Desktop/nthu_SoC/lab4/SoC_Design_Lab4_2/rtl/user/fir.v:308]
CRITICAL WARNING: [Synth 8-6858] multi-driven net Q is connected to at least one constant driver which has been preserved, other driver is ignored [/home/ubuntu/Desktop/nthu_SoC/lab4/SoC_Design_Lab4_2/rtl/user/fir.v:308]
CRITICAL WARNING: [Synth 8-6859] multi-driven net on pin Q with 1st driver pin 'fir/ss_tready_reg__0/Q' [/home/ubuntu/Desktop/nthu_SoC/lab4/SoC_Design_Lab4_2/rtl/user/fir.v:141]
CRITICAL WARNING: [Synth 8-6859] multi-driven net on pin Q with 2nd driver pin 'GND' [/home/ubuntu/Desktop/nthu_SoC/lab4/SoC_Design_Lab4_2/rtl/user/fir.v:141]
CRITICAL WARNING: [Synth 8-6858] multi-driven net Q is connected to at least one constant driver which has been preserved, other driver is ignored [/home/ubuntu/Desktop/nthu_SoC/lab4/SoC_Design_Lab4_2/rtl/user/fir.v:141]
CRITICAL WARNING: [Synth 8-6859] multi-driven net on pin Q with 1st driver pin 'fir/acc_wait_reg__0/Q' [/home/ubuntu/Desktop/nthu_SoC/lab4/SoC_Design_Lab4_2/rtl/user/fir.v:132]
CRITICAL WARNING: [Synth 8-6859] multi-driven net on pin Q with 2nd driver pin 'GND' [/home/ubuntu/Desktop/nthu_SoC/lab4/SoC_Design_Lab4_2/rtl/user/fir.v:132]
CRITICAL WARNING: [Synth 8-6858] multi-driven net Q is connected to at least one constant driver which has been preserved, other driver is ignored [/home/ubuntu/Desktop/nthu_SoC/lab4/SoC_Design_Lab4_2/rtl/user/fir.v:132]
CRITICAL WARNING: [Synth 8-6859] multi-driven net on pin Q with 1st driver pin 'fir/count_reg[3]__0/Q' [/home/ubuntu/Desktop/nthu_SoC/lab4/SoC_Design_Lab4_2/rtl/user/fir.v:240]
CRITICAL WARNING: [Synth 8-6859] multi-driven net on pin Q with 2nd driver pin 'GND' [/home/ubuntu/Desktop/nthu_SoC/lab4/SoC_Design_Lab4_2/rtl/user/fir.v:240]
CRITICAL WARNING: [Synth 8-6858] multi-driven net Q is connected to at least one constant driver which has been preserved, other driver is ignored [/home/ubuntu/Desktop/nthu_SoC/lab4/SoC_Design_Lab4_2/rtl/user/fir.v:240]
CRITICAL WARNING: [Synth 8-6859] multi-driven net on pin Q with 1st driver pin 'fir/count_reg[2]__0/Q' [/home/ubuntu/Desktop/nthu_SoC/lab4/SoC_Design_Lab4_2/rtl/user/fir.v:240]
CRITICAL WARNING: [Synth 8-6859] multi-driven net on pin Q with 2nd driver pin 'GND' [/home/ubuntu/Desktop/nthu_SoC/lab4/SoC_Design_Lab4_2/rtl/user/fir.v:240]
CRITICAL WARNING: [Synth 8-6858] multi-driven net Q is connected to at least one constant driver which has been preserved, other driver is ignored [/home/ubuntu/Desktop/nthu_SoC/lab4/SoC_Design_Lab4_2/rtl/user/fir.v:240]
CRITICAL WARNING: [Synth 8-6859] multi-driven net on pin Q with 1st driver pin 'fir/count_reg[1]__0/Q' [/home/ubuntu/Desktop/nthu_SoC/lab4/SoC_Design_Lab4_2/rtl/user/fir.v:240]
CRITICAL WARNING: [Synth 8-6859] multi-driven net on pin Q with 2nd driver pin 'GND' [/home/ubuntu/Desktop/nthu_SoC/lab4/SoC_Design_Lab4_2/rtl/user/fir.v:240]
CRITICAL WARNING: [Synth 8-6858] multi-driven net Q is connected to at least one constant driver which has been preserved, other driver is ignored [/home/ubuntu/Desktop/nthu_SoC/lab4/SoC_Design_Lab4_2/rtl/user/fir.v:240]
CRITICAL WARNING: [Synth 8-6859] multi-driven net on pin Q with 1st driver pin 'fir/count_reg[0]__0/Q' [/home/ubuntu/Desktop/nthu_SoC/lab4/SoC_Design_Lab4_2/rtl/user/fir.v:240]
CRITICAL WARNING: [Synth 8-6859] multi-driven net on pin Q with 2nd driver pin 'GND' [/home/ubuntu/Desktop/nthu_SoC/lab4/SoC_Design_Lab4_2/rtl/user/fir.v:240]
CRITICAL WARNING: [Synth 8-6858] multi-driven net Q is connected to at least one constant driver which has been preserved, other driver is ignored [/home/ubuntu/Desktop/nthu_SoC/lab4/SoC_Design_Lab4_2/rtl/user/fir.v:240]
CRITICAL WARNING: [Synth 8-6859] multi-driven net on pin Q with 1st driver pin 'fir/data_index_reg[11]__1/Q' [/home/ubuntu/Desktop/nthu_SoC/lab4/SoC_Design_Lab4_2/rtl/user/fir.v:127]
CRITICAL WARNING: [Synth 8-6859] multi-driven net on pin Q with 2nd driver pin 'GND' [/home/ubuntu/Desktop/nthu_SoC/lab4/SoC_Design_Lab4_2/rtl/user/fir.v:127]
CRITICAL WARNING: [Synth 8-6858] multi-driven net Q is connected to at least one constant driver which has been preserved, other driver is ignored [/home/ubuntu/Desktop/nthu_SoC/lab4/SoC_Design_Lab4_2/rtl/user/fir.v:127]
CRITICAL WARNING: [Synth 8-6859] multi-driven net on pin Q with 1st driver pin 'fir/data_index_reg[10]__1/Q' [/home/ubuntu/Desktop/nthu_SoC/lab4/SoC_Design_Lab4_2/rtl/user/fir.v:127]
CRITICAL WARNING: [Synth 8-6859] multi-driven net on pin Q with 2nd driver pin 'GND' [/home/ubuntu/Desktop/nthu_SoC/lab4/SoC_Design_Lab4_2/rtl/user/fir.v:127]
CRITICAL WARNING: [Synth 8-6858] multi-driven net Q is connected to at least one constant driver which has been preserved, other driver is ignored [/home/ubuntu/Desktop/nthu_SoC/lab4/SoC_Design_Lab4_2/rtl/user/fir.v:127]
CRITICAL WARNING: [Synth 8-6859] multi-driven net on pin Q with 1st driver pin 'fir/data_index_reg[9]__1/Q' [/home/ubuntu/Desktop/nthu_SoC/lab4/SoC_Design_Lab4_2/rtl/user/fir.v:127]
CRITICAL WARNING: [Synth 8-6859] multi-driven net on pin Q with 2nd driver pin 'GND' [/home/ubuntu/Desktop/nthu_SoC/lab4/SoC_Design_Lab4_2/rtl/user/fir.v:127]
CRITICAL WARNING: [Synth 8-6858] multi-driven net Q is connected to at least one constant driver which has been preserved, other driver is ignored [/home/ubuntu/Desktop/nthu_SoC/lab4/SoC_Design_Lab4_2/rtl/user/fir.v:127]
CRITICAL WARNING: [Synth 8-6859] multi-driven net on pin Q with 1st driver pin 'fir/data_index_reg[8]__1/Q' [/home/ubuntu/Desktop/nthu_SoC/lab4/SoC_Design_Lab4_2/rtl/user/fir.v:127]
CRITICAL WARNING: [Synth 8-6859] multi-driven net on pin Q with 2nd driver pin 'GND' [/home/ubuntu/Desktop/nthu_SoC/lab4/SoC_Design_Lab4_2/rtl/user/fir.v:127]
CRITICAL WARNING: [Synth 8-6858] multi-driven net Q is connected to at least one constant driver which has been preserved, other driver is ignored [/home/ubuntu/Desktop/nthu_SoC/lab4/SoC_Design_Lab4_2/rtl/user/fir.v:127]
CRITICAL WARNING: [Synth 8-6859] multi-driven net on pin Q with 1st driver pin 'fir/data_index_reg[7]__1/Q' [/home/ubuntu/Desktop/nthu_SoC/lab4/SoC_Design_Lab4_2/rtl/user/fir.v:127]
CRITICAL WARNING: [Synth 8-6859] multi-driven net on pin Q with 2nd driver pin 'GND' [/home/ubuntu/Desktop/nthu_SoC/lab4/SoC_Design_Lab4_2/rtl/user/fir.v:127]
CRITICAL WARNING: [Synth 8-6858] multi-driven net Q is connected to at least one constant driver which has been preserved, other driver is ignored [/home/ubuntu/Desktop/nthu_SoC/lab4/SoC_Design_Lab4_2/rtl/user/fir.v:127]
CRITICAL WARNING: [Synth 8-6859] multi-driven net on pin Q with 1st driver pin 'fir/data_index_reg[6]__1/Q' [/home/ubuntu/Desktop/nthu_SoC/lab4/SoC_Design_Lab4_2/rtl/user/fir.v:127]
CRITICAL WARNING: [Synth 8-6859] multi-driven net on pin Q with 2nd driver pin 'GND' [/home/ubuntu/Desktop/nthu_SoC/lab4/SoC_Design_Lab4_2/rtl/user/fir.v:127]
CRITICAL WARNING: [Synth 8-6858] multi-driven net Q is connected to at least one constant driver which has been preserved, other driver is ignored [/home/ubuntu/Desktop/nthu_SoC/lab4/SoC_Design_Lab4_2/rtl/user/fir.v:127]
CRITICAL WARNING: [Synth 8-6859] multi-driven net on pin Q with 1st driver pin 'fir/data_index_reg[5]__1/Q' [/home/ubuntu/Desktop/nthu_SoC/lab4/SoC_Design_Lab4_2/rtl/user/fir.v:127]
CRITICAL WARNING: [Synth 8-6859] multi-driven net on pin Q with 2nd driver pin 'GND' [/home/ubuntu/Desktop/nthu_SoC/lab4/SoC_Design_Lab4_2/rtl/user/fir.v:127]
CRITICAL WARNING: [Synth 8-6858] multi-driven net Q is connected to at least one constant driver which has been preserved, other driver is ignored [/home/ubuntu/Desktop/nthu_SoC/lab4/SoC_Design_Lab4_2/rtl/user/fir.v:127]
CRITICAL WARNING: [Synth 8-6859] multi-driven net on pin Q with 1st driver pin 'fir/data_index_reg[4]__1/Q' [/home/ubuntu/Desktop/nthu_SoC/lab4/SoC_Design_Lab4_2/rtl/user/fir.v:127]
CRITICAL WARNING: [Synth 8-6859] multi-driven net on pin Q with 2nd driver pin 'GND' [/home/ubuntu/Desktop/nthu_SoC/lab4/SoC_Design_Lab4_2/rtl/user/fir.v:127]
CRITICAL WARNING: [Synth 8-6858] multi-driven net Q is connected to at least one constant driver which has been preserved, other driver is ignored [/home/ubuntu/Desktop/nthu_SoC/lab4/SoC_Design_Lab4_2/rtl/user/fir.v:127]
CRITICAL WARNING: [Synth 8-6859] multi-driven net on pin Q with 1st driver pin 'fir/data_index_reg[3]__1/Q' [/home/ubuntu/Desktop/nthu_SoC/lab4/SoC_Design_Lab4_2/rtl/user/fir.v:127]
CRITICAL WARNING: [Synth 8-6859] multi-driven net on pin Q with 2nd driver pin 'GND' [/home/ubuntu/Desktop/nthu_SoC/lab4/SoC_Design_Lab4_2/rtl/user/fir.v:127]
CRITICAL WARNING: [Synth 8-6858] multi-driven net Q is connected to at least one constant driver which has been preserved, other driver is ignored [/home/ubuntu/Desktop/nthu_SoC/lab4/SoC_Design_Lab4_2/rtl/user/fir.v:127]
CRITICAL WARNING: [Synth 8-6859] multi-driven net on pin Q with 1st driver pin 'fir/data_index_reg[2]__1/Q' [/home/ubuntu/Desktop/nthu_SoC/lab4/SoC_Design_Lab4_2/rtl/user/fir.v:127]
CRITICAL WARNING: [Synth 8-6859] multi-driven net on pin Q with 2nd driver pin 'GND' [/home/ubuntu/Desktop/nthu_SoC/lab4/SoC_Design_Lab4_2/rtl/user/fir.v:127]
CRITICAL WARNING: [Synth 8-6858] multi-driven net Q is connected to at least one constant driver which has been preserved, other driver is ignored [/home/ubuntu/Desktop/nthu_SoC/lab4/SoC_Design_Lab4_2/rtl/user/fir.v:127]
CRITICAL WARNING: [Synth 8-6859] multi-driven net on pin Q with 1st driver pin 'fir/data_index_reg[1]__1/Q' [/home/ubuntu/Desktop/nthu_SoC/lab4/SoC_Design_Lab4_2/rtl/user/fir.v:127]
CRITICAL WARNING: [Synth 8-6859] multi-driven net on pin Q with 2nd driver pin 'GND' [/home/ubuntu/Desktop/nthu_SoC/lab4/SoC_Design_Lab4_2/rtl/user/fir.v:127]
CRITICAL WARNING: [Synth 8-6858] multi-driven net Q is connected to at least one constant driver which has been preserved, other driver is ignored [/home/ubuntu/Desktop/nthu_SoC/lab4/SoC_Design_Lab4_2/rtl/user/fir.v:127]
CRITICAL WARNING: [Synth 8-6859] multi-driven net on pin Q with 1st driver pin 'fir/data_index_reg[0]__1/Q' [/home/ubuntu/Desktop/nthu_SoC/lab4/SoC_Design_Lab4_2/rtl/user/fir.v:127]
CRITICAL WARNING: [Synth 8-6859] multi-driven net on pin Q with 2nd driver pin 'GND' [/home/ubuntu/Desktop/nthu_SoC/lab4/SoC_Design_Lab4_2/rtl/user/fir.v:127]
CRITICAL WARNING: [Synth 8-6858] multi-driven net Q is connected to at least one constant driver which has been preserved, other driver is ignored [/home/ubuntu/Desktop/nthu_SoC/lab4/SoC_Design_Lab4_2/rtl/user/fir.v:127]
CRITICAL WARNING: [Synth 8-6859] multi-driven net on pin Q with 1st driver pin 'fir/total_count_reg[9]__0/Q' [/home/ubuntu/Desktop/nthu_SoC/lab4/SoC_Design_Lab4_2/rtl/user/fir.v:130]
CRITICAL WARNING: [Synth 8-6859] multi-driven net on pin Q with 2nd driver pin 'GND' [/home/ubuntu/Desktop/nthu_SoC/lab4/SoC_Design_Lab4_2/rtl/user/fir.v:130]
CRITICAL WARNING: [Synth 8-6858] multi-driven net Q is connected to at least one constant driver which has been preserved, other driver is ignored [/home/ubuntu/Desktop/nthu_SoC/lab4/SoC_Design_Lab4_2/rtl/user/fir.v:130]
CRITICAL WARNING: [Synth 8-6859] multi-driven net on pin Q with 1st driver pin 'fir/total_count_reg[8]__0/Q' [/home/ubuntu/Desktop/nthu_SoC/lab4/SoC_Design_Lab4_2/rtl/user/fir.v:130]
CRITICAL WARNING: [Synth 8-6859] multi-driven net on pin Q with 2nd driver pin 'GND' [/home/ubuntu/Desktop/nthu_SoC/lab4/SoC_Design_Lab4_2/rtl/user/fir.v:130]
CRITICAL WARNING: [Synth 8-6858] multi-driven net Q is connected to at least one constant driver which has been preserved, other driver is ignored [/home/ubuntu/Desktop/nthu_SoC/lab4/SoC_Design_Lab4_2/rtl/user/fir.v:130]
CRITICAL WARNING: [Synth 8-6859] multi-driven net on pin Q with 1st driver pin 'fir/total_count_reg[7]__0/Q' [/home/ubuntu/Desktop/nthu_SoC/lab4/SoC_Design_Lab4_2/rtl/user/fir.v:130]
CRITICAL WARNING: [Synth 8-6859] multi-driven net on pin Q with 2nd driver pin 'GND' [/home/ubuntu/Desktop/nthu_SoC/lab4/SoC_Design_Lab4_2/rtl/user/fir.v:130]
CRITICAL WARNING: [Synth 8-6858] multi-driven net Q is connected to at least one constant driver which has been preserved, other driver is ignored [/home/ubuntu/Desktop/nthu_SoC/lab4/SoC_Design_Lab4_2/rtl/user/fir.v:130]
CRITICAL WARNING: [Synth 8-6859] multi-driven net on pin Q with 1st driver pin 'fir/total_count_reg[6]__0/Q' [/home/ubuntu/Desktop/nthu_SoC/lab4/SoC_Design_Lab4_2/rtl/user/fir.v:130]
CRITICAL WARNING: [Synth 8-6859] multi-driven net on pin Q with 2nd driver pin 'GND' [/home/ubuntu/Desktop/nthu_SoC/lab4/SoC_Design_Lab4_2/rtl/user/fir.v:130]
CRITICAL WARNING: [Synth 8-6858] multi-driven net Q is connected to at least one constant driver which has been preserved, other driver is ignored [/home/ubuntu/Desktop/nthu_SoC/lab4/SoC_Design_Lab4_2/rtl/user/fir.v:130]
CRITICAL WARNING: [Synth 8-6859] multi-driven net on pin Q with 1st driver pin 'fir/total_count_reg[5]__0/Q' [/home/ubuntu/Desktop/nthu_SoC/lab4/SoC_Design_Lab4_2/rtl/user/fir.v:130]
CRITICAL WARNING: [Synth 8-6859] multi-driven net on pin Q with 2nd driver pin 'GND' [/home/ubuntu/Desktop/nthu_SoC/lab4/SoC_Design_Lab4_2/rtl/user/fir.v:130]
CRITICAL WARNING: [Synth 8-6858] multi-driven net Q is connected to at least one constant driver which has been preserved, other driver is ignored [/home/ubuntu/Desktop/nthu_SoC/lab4/SoC_Design_Lab4_2/rtl/user/fir.v:130]
CRITICAL WARNING: [Synth 8-6859] multi-driven net on pin Q with 1st driver pin 'fir/total_count_reg[4]__0/Q' [/home/ubuntu/Desktop/nthu_SoC/lab4/SoC_Design_Lab4_2/rtl/user/fir.v:130]
CRITICAL WARNING: [Synth 8-6859] multi-driven net on pin Q with 2nd driver pin 'GND' [/home/ubuntu/Desktop/nthu_SoC/lab4/SoC_Design_Lab4_2/rtl/user/fir.v:130]
CRITICAL WARNING: [Synth 8-6858] multi-driven net Q is connected to at least one constant driver which has been preserved, other driver is ignored [/home/ubuntu/Desktop/nthu_SoC/lab4/SoC_Design_Lab4_2/rtl/user/fir.v:130]
CRITICAL WARNING: [Synth 8-6859] multi-driven net on pin Q with 1st driver pin 'fir/total_count_reg[3]__0/Q' [/home/ubuntu/Desktop/nthu_SoC/lab4/SoC_Design_Lab4_2/rtl/user/fir.v:130]
CRITICAL WARNING: [Synth 8-6859] multi-driven net on pin Q with 2nd driver pin 'GND' [/home/ubuntu/Desktop/nthu_SoC/lab4/SoC_Design_Lab4_2/rtl/user/fir.v:130]
CRITICAL WARNING: [Synth 8-6858] multi-driven net Q is connected to at least one constant driver which has been preserved, other driver is ignored [/home/ubuntu/Desktop/nthu_SoC/lab4/SoC_Design_Lab4_2/rtl/user/fir.v:130]
CRITICAL WARNING: [Synth 8-6859] multi-driven net on pin Q with 1st driver pin 'fir/total_count_reg[2]__0/Q' [/home/ubuntu/Desktop/nthu_SoC/lab4/SoC_Design_Lab4_2/rtl/user/fir.v:130]
CRITICAL WARNING: [Synth 8-6859] multi-driven net on pin Q with 2nd driver pin 'GND' [/home/ubuntu/Desktop/nthu_SoC/lab4/SoC_Design_Lab4_2/rtl/user/fir.v:130]
CRITICAL WARNING: [Synth 8-6858] multi-driven net Q is connected to at least one constant driver which has been preserved, other driver is ignored [/home/ubuntu/Desktop/nthu_SoC/lab4/SoC_Design_Lab4_2/rtl/user/fir.v:130]
CRITICAL WARNING: [Synth 8-6859] multi-driven net on pin Q with 1st driver pin 'fir/total_count_reg[1]__0/Q' [/home/ubuntu/Desktop/nthu_SoC/lab4/SoC_Design_Lab4_2/rtl/user/fir.v:130]
CRITICAL WARNING: [Synth 8-6859] multi-driven net on pin Q with 2nd driver pin 'GND' [/home/ubuntu/Desktop/nthu_SoC/lab4/SoC_Design_Lab4_2/rtl/user/fir.v:130]
CRITICAL WARNING: [Synth 8-6858] multi-driven net Q is connected to at least one constant driver which has been preserved, other driver is ignored [/home/ubuntu/Desktop/nthu_SoC/lab4/SoC_Design_Lab4_2/rtl/user/fir.v:130]
CRITICAL WARNING: [Synth 8-6859] multi-driven net on pin Q with 1st driver pin 'fir/total_count_reg[0]__0/Q' [/home/ubuntu/Desktop/nthu_SoC/lab4/SoC_Design_Lab4_2/rtl/user/fir.v:130]
CRITICAL WARNING: [Synth 8-6859] multi-driven net on pin Q with 2nd driver pin 'GND' [/home/ubuntu/Desktop/nthu_SoC/lab4/SoC_Design_Lab4_2/rtl/user/fir.v:130]
CRITICAL WARNING: [Synth 8-6858] multi-driven net Q is connected to at least one constant driver which has been preserved, other driver is ignored [/home/ubuntu/Desktop/nthu_SoC/lab4/SoC_Design_Lab4_2/rtl/user/fir.v:130]
CRITICAL WARNING: [Synth 8-6859] multi-driven net on pin Q with 1st driver pin 'fir/check_wait_reg__1/Q' [/home/ubuntu/Desktop/nthu_SoC/lab4/SoC_Design_Lab4_2/rtl/user/fir.v:133]
CRITICAL WARNING: [Synth 8-6859] multi-driven net on pin Q with 2nd driver pin 'GND' [/home/ubuntu/Desktop/nthu_SoC/lab4/SoC_Design_Lab4_2/rtl/user/fir.v:133]
CRITICAL WARNING: [Synth 8-6858] multi-driven net Q is connected to at least one constant driver which has been preserved, other driver is ignored [/home/ubuntu/Desktop/nthu_SoC/lab4/SoC_Design_Lab4_2/rtl/user/fir.v:133]
CRITICAL WARNING: [Synth 8-6859] multi-driven net on pin Q with 1st driver pin 'fir/sm_tvalid_reg__1/Q' [/home/ubuntu/Desktop/nthu_SoC/lab4/SoC_Design_Lab4_2/rtl/user/fir.v:146]
CRITICAL WARNING: [Synth 8-6859] multi-driven net on pin Q with 2nd driver pin 'GND' [/home/ubuntu/Desktop/nthu_SoC/lab4/SoC_Design_Lab4_2/rtl/user/fir.v:146]
CRITICAL WARNING: [Synth 8-6858] multi-driven net Q is connected to at least one constant driver which has been preserved, other driver is ignored [/home/ubuntu/Desktop/nthu_SoC/lab4/SoC_Design_Lab4_2/rtl/user/fir.v:146]
CRITICAL WARNING: [Synth 8-6859] multi-driven net on pin Q with 1st driver pin 'fir/acc_reg[31]__0/Q' [/home/ubuntu/Desktop/nthu_SoC/lab4/SoC_Design_Lab4_2/rtl/user/fir.v:241]
CRITICAL WARNING: [Synth 8-6859] multi-driven net on pin Q with 2nd driver pin 'GND' [/home/ubuntu/Desktop/nthu_SoC/lab4/SoC_Design_Lab4_2/rtl/user/fir.v:241]
CRITICAL WARNING: [Synth 8-6858] multi-driven net Q is connected to at least one constant driver which has been preserved, other driver is ignored [/home/ubuntu/Desktop/nthu_SoC/lab4/SoC_Design_Lab4_2/rtl/user/fir.v:241]
CRITICAL WARNING: [Synth 8-6859] multi-driven net on pin Q with 1st driver pin 'fir/acc_reg[30]__0/Q' [/home/ubuntu/Desktop/nthu_SoC/lab4/SoC_Design_Lab4_2/rtl/user/fir.v:241]
CRITICAL WARNING: [Synth 8-6859] multi-driven net on pin Q with 2nd driver pin 'GND' [/home/ubuntu/Desktop/nthu_SoC/lab4/SoC_Design_Lab4_2/rtl/user/fir.v:241]
CRITICAL WARNING: [Synth 8-6858] multi-driven net Q is connected to at least one constant driver which has been preserved, other driver is ignored [/home/ubuntu/Desktop/nthu_SoC/lab4/SoC_Design_Lab4_2/rtl/user/fir.v:241]
CRITICAL WARNING: [Synth 8-6859] multi-driven net on pin Q with 1st driver pin 'fir/acc_reg[29]__0/Q' [/home/ubuntu/Desktop/nthu_SoC/lab4/SoC_Design_Lab4_2/rtl/user/fir.v:241]
CRITICAL WARNING: [Synth 8-6859] multi-driven net on pin Q with 2nd driver pin 'GND' [/home/ubuntu/Desktop/nthu_SoC/lab4/SoC_Design_Lab4_2/rtl/user/fir.v:241]
CRITICAL WARNING: [Synth 8-6858] multi-driven net Q is connected to at least one constant driver which has been preserved, other driver is ignored [/home/ubuntu/Desktop/nthu_SoC/lab4/SoC_Design_Lab4_2/rtl/user/fir.v:241]
CRITICAL WARNING: [Synth 8-6859] multi-driven net on pin Q with 1st driver pin 'fir/acc_reg[28]__0/Q' [/home/ubuntu/Desktop/nthu_SoC/lab4/SoC_Design_Lab4_2/rtl/user/fir.v:241]
CRITICAL WARNING: [Synth 8-6859] multi-driven net on pin Q with 2nd driver pin 'GND' [/home/ubuntu/Desktop/nthu_SoC/lab4/SoC_Design_Lab4_2/rtl/user/fir.v:241]
CRITICAL WARNING: [Synth 8-6858] multi-driven net Q is connected to at least one constant driver which has been preserved, other driver is ignored [/home/ubuntu/Desktop/nthu_SoC/lab4/SoC_Design_Lab4_2/rtl/user/fir.v:241]
CRITICAL WARNING: [Synth 8-6859] multi-driven net on pin Q with 1st driver pin 'fir/acc_reg[27]__0/Q' [/home/ubuntu/Desktop/nthu_SoC/lab4/SoC_Design_Lab4_2/rtl/user/fir.v:241]
CRITICAL WARNING: [Synth 8-6859] multi-driven net on pin Q with 2nd driver pin 'GND' [/home/ubuntu/Desktop/nthu_SoC/lab4/SoC_Design_Lab4_2/rtl/user/fir.v:241]
CRITICAL WARNING: [Synth 8-6858] multi-driven net Q is connected to at least one constant driver which has been preserved, other driver is ignored [/home/ubuntu/Desktop/nthu_SoC/lab4/SoC_Design_Lab4_2/rtl/user/fir.v:241]
CRITICAL WARNING: [Synth 8-6859] multi-driven net on pin Q with 1st driver pin 'fir/acc_reg[26]__0/Q' [/home/ubuntu/Desktop/nthu_SoC/lab4/SoC_Design_Lab4_2/rtl/user/fir.v:241]
CRITICAL WARNING: [Synth 8-6859] multi-driven net on pin Q with 2nd driver pin 'GND' [/home/ubuntu/Desktop/nthu_SoC/lab4/SoC_Design_Lab4_2/rtl/user/fir.v:241]
CRITICAL WARNING: [Synth 8-6858] multi-driven net Q is connected to at least one constant driver which has been preserved, other driver is ignored [/home/ubuntu/Desktop/nthu_SoC/lab4/SoC_Design_Lab4_2/rtl/user/fir.v:241]
CRITICAL WARNING: [Synth 8-6859] multi-driven net on pin Q with 1st driver pin 'fir/acc_reg[25]__0/Q' [/home/ubuntu/Desktop/nthu_SoC/lab4/SoC_Design_Lab4_2/rtl/user/fir.v:241]
CRITICAL WARNING: [Synth 8-6859] multi-driven net on pin Q with 2nd driver pin 'GND' [/home/ubuntu/Desktop/nthu_SoC/lab4/SoC_Design_Lab4_2/rtl/user/fir.v:241]
CRITICAL WARNING: [Synth 8-6858] multi-driven net Q is connected to at least one constant driver which has been preserved, other driver is ignored [/home/ubuntu/Desktop/nthu_SoC/lab4/SoC_Design_Lab4_2/rtl/user/fir.v:241]
CRITICAL WARNING: [Synth 8-6859] multi-driven net on pin Q with 1st driver pin 'fir/acc_reg[24]__0/Q' [/home/ubuntu/Desktop/nthu_SoC/lab4/SoC_Design_Lab4_2/rtl/user/fir.v:241]
CRITICAL WARNING: [Synth 8-6859] multi-driven net on pin Q with 2nd driver pin 'GND' [/home/ubuntu/Desktop/nthu_SoC/lab4/SoC_Design_Lab4_2/rtl/user/fir.v:241]
CRITICAL WARNING: [Synth 8-6858] multi-driven net Q is connected to at least one constant driver which has been preserved, other driver is ignored [/home/ubuntu/Desktop/nthu_SoC/lab4/SoC_Design_Lab4_2/rtl/user/fir.v:241]
CRITICAL WARNING: [Synth 8-6859] multi-driven net on pin Q with 1st driver pin 'fir/acc_reg[23]__0/Q' [/home/ubuntu/Desktop/nthu_SoC/lab4/SoC_Design_Lab4_2/rtl/user/fir.v:241]
CRITICAL WARNING: [Synth 8-6859] multi-driven net on pin Q with 2nd driver pin 'GND' [/home/ubuntu/Desktop/nthu_SoC/lab4/SoC_Design_Lab4_2/rtl/user/fir.v:241]
CRITICAL WARNING: [Synth 8-6858] multi-driven net Q is connected to at least one constant driver which has been preserved, other driver is ignored [/home/ubuntu/Desktop/nthu_SoC/lab4/SoC_Design_Lab4_2/rtl/user/fir.v:241]
CRITICAL WARNING: [Synth 8-6859] multi-driven net on pin Q with 1st driver pin 'fir/acc_reg[22]__0/Q' [/home/ubuntu/Desktop/nthu_SoC/lab4/SoC_Design_Lab4_2/rtl/user/fir.v:241]
CRITICAL WARNING: [Synth 8-6859] multi-driven net on pin Q with 2nd driver pin 'GND' [/home/ubuntu/Desktop/nthu_SoC/lab4/SoC_Design_Lab4_2/rtl/user/fir.v:241]
CRITICAL WARNING: [Synth 8-6858] multi-driven net Q is connected to at least one constant driver which has been preserved, other driver is ignored [/home/ubuntu/Desktop/nthu_SoC/lab4/SoC_Design_Lab4_2/rtl/user/fir.v:241]
CRITICAL WARNING: [Synth 8-6859] multi-driven net on pin Q with 1st driver pin 'fir/acc_reg[21]__0/Q' [/home/ubuntu/Desktop/nthu_SoC/lab4/SoC_Design_Lab4_2/rtl/user/fir.v:241]
CRITICAL WARNING: [Synth 8-6859] multi-driven net on pin Q with 2nd driver pin 'GND' [/home/ubuntu/Desktop/nthu_SoC/lab4/SoC_Design_Lab4_2/rtl/user/fir.v:241]
CRITICAL WARNING: [Synth 8-6858] multi-driven net Q is connected to at least one constant driver which has been preserved, other driver is ignored [/home/ubuntu/Desktop/nthu_SoC/lab4/SoC_Design_Lab4_2/rtl/user/fir.v:241]
CRITICAL WARNING: [Synth 8-6859] multi-driven net on pin Q with 1st driver pin 'fir/acc_reg[20]__0/Q' [/home/ubuntu/Desktop/nthu_SoC/lab4/SoC_Design_Lab4_2/rtl/user/fir.v:241]
CRITICAL WARNING: [Synth 8-6859] multi-driven net on pin Q with 2nd driver pin 'GND' [/home/ubuntu/Desktop/nthu_SoC/lab4/SoC_Design_Lab4_2/rtl/user/fir.v:241]
CRITICAL WARNING: [Synth 8-6858] multi-driven net Q is connected to at least one constant driver which has been preserved, other driver is ignored [/home/ubuntu/Desktop/nthu_SoC/lab4/SoC_Design_Lab4_2/rtl/user/fir.v:241]
CRITICAL WARNING: [Synth 8-6859] multi-driven net on pin Q with 1st driver pin 'fir/acc_reg[19]__0/Q' [/home/ubuntu/Desktop/nthu_SoC/lab4/SoC_Design_Lab4_2/rtl/user/fir.v:241]
CRITICAL WARNING: [Synth 8-6859] multi-driven net on pin Q with 2nd driver pin 'GND' [/home/ubuntu/Desktop/nthu_SoC/lab4/SoC_Design_Lab4_2/rtl/user/fir.v:241]
CRITICAL WARNING: [Synth 8-6858] multi-driven net Q is connected to at least one constant driver which has been preserved, other driver is ignored [/home/ubuntu/Desktop/nthu_SoC/lab4/SoC_Design_Lab4_2/rtl/user/fir.v:241]
CRITICAL WARNING: [Synth 8-6859] multi-driven net on pin Q with 1st driver pin 'fir/acc_reg[18]__0/Q' [/home/ubuntu/Desktop/nthu_SoC/lab4/SoC_Design_Lab4_2/rtl/user/fir.v:241]
CRITICAL WARNING: [Synth 8-6859] multi-driven net on pin Q with 2nd driver pin 'GND' [/home/ubuntu/Desktop/nthu_SoC/lab4/SoC_Design_Lab4_2/rtl/user/fir.v:241]
CRITICAL WARNING: [Synth 8-6858] multi-driven net Q is connected to at least one constant driver which has been preserved, other driver is ignored [/home/ubuntu/Desktop/nthu_SoC/lab4/SoC_Design_Lab4_2/rtl/user/fir.v:241]
CRITICAL WARNING: [Synth 8-6859] multi-driven net on pin Q with 1st driver pin 'fir/acc_reg[17]__0/Q' [/home/ubuntu/Desktop/nthu_SoC/lab4/SoC_Design_Lab4_2/rtl/user/fir.v:241]
CRITICAL WARNING: [Synth 8-6859] multi-driven net on pin Q with 2nd driver pin 'GND' [/home/ubuntu/Desktop/nthu_SoC/lab4/SoC_Design_Lab4_2/rtl/user/fir.v:241]
INFO: [Common 17-14] Message 'Synth 8-6859' appears 100 times and further instances of the messages will be disabled. Use the Tcl command set_msg_config to change the current settings.
CRITICAL WARNING: [Synth 8-6858] multi-driven net Q is connected to at least one constant driver which has been preserved, other driver is ignored [/home/ubuntu/Desktop/nthu_SoC/lab4/SoC_Design_Lab4_2/rtl/user/fir.v:241]
CRITICAL WARNING: [Synth 8-6858] multi-driven net Q is connected to at least one constant driver which has been preserved, other driver is ignored [/home/ubuntu/Desktop/nthu_SoC/lab4/SoC_Design_Lab4_2/rtl/user/fir.v:241]
CRITICAL WARNING: [Synth 8-6858] multi-driven net Q is connected to at least one constant driver which has been preserved, other driver is ignored [/home/ubuntu/Desktop/nthu_SoC/lab4/SoC_Design_Lab4_2/rtl/user/fir.v:241]
CRITICAL WARNING: [Synth 8-6858] multi-driven net Q is connected to at least one constant driver which has been preserved, other driver is ignored [/home/ubuntu/Desktop/nthu_SoC/lab4/SoC_Design_Lab4_2/rtl/user/fir.v:241]
CRITICAL WARNING: [Synth 8-6858] multi-driven net Q is connected to at least one constant driver which has been preserved, other driver is ignored [/home/ubuntu/Desktop/nthu_SoC/lab4/SoC_Design_Lab4_2/rtl/user/fir.v:241]
CRITICAL WARNING: [Synth 8-6858] multi-driven net Q is connected to at least one constant driver which has been preserved, other driver is ignored [/home/ubuntu/Desktop/nthu_SoC/lab4/SoC_Design_Lab4_2/rtl/user/fir.v:241]
CRITICAL WARNING: [Synth 8-6858] multi-driven net Q is connected to at least one constant driver which has been preserved, other driver is ignored [/home/ubuntu/Desktop/nthu_SoC/lab4/SoC_Design_Lab4_2/rtl/user/fir.v:241]
CRITICAL WARNING: [Synth 8-6858] multi-driven net Q is connected to at least one constant driver which has been preserved, other driver is ignored [/home/ubuntu/Desktop/nthu_SoC/lab4/SoC_Design_Lab4_2/rtl/user/fir.v:241]
CRITICAL WARNING: [Synth 8-6858] multi-driven net Q is connected to at least one constant driver which has been preserved, other driver is ignored [/home/ubuntu/Desktop/nthu_SoC/lab4/SoC_Design_Lab4_2/rtl/user/fir.v:241]
CRITICAL WARNING: [Synth 8-6858] multi-driven net Q is connected to at least one constant driver which has been preserved, other driver is ignored [/home/ubuntu/Desktop/nthu_SoC/lab4/SoC_Design_Lab4_2/rtl/user/fir.v:241]
CRITICAL WARNING: [Synth 8-6858] multi-driven net Q is connected to at least one constant driver which has been preserved, other driver is ignored [/home/ubuntu/Desktop/nthu_SoC/lab4/SoC_Design_Lab4_2/rtl/user/fir.v:241]
CRITICAL WARNING: [Synth 8-6858] multi-driven net Q is connected to at least one constant driver which has been preserved, other driver is ignored [/home/ubuntu/Desktop/nthu_SoC/lab4/SoC_Design_Lab4_2/rtl/user/fir.v:241]
CRITICAL WARNING: [Synth 8-6858] multi-driven net Q is connected to at least one constant driver which has been preserved, other driver is ignored [/home/ubuntu/Desktop/nthu_SoC/lab4/SoC_Design_Lab4_2/rtl/user/fir.v:241]
CRITICAL WARNING: [Synth 8-6858] multi-driven net Q is connected to at least one constant driver which has been preserved, other driver is ignored [/home/ubuntu/Desktop/nthu_SoC/lab4/SoC_Design_Lab4_2/rtl/user/fir.v:241]
CRITICAL WARNING: [Synth 8-6858] multi-driven net Q is connected to at least one constant driver which has been preserved, other driver is ignored [/home/ubuntu/Desktop/nthu_SoC/lab4/SoC_Design_Lab4_2/rtl/user/fir.v:241]
CRITICAL WARNING: [Synth 8-6858] multi-driven net Q is connected to at least one constant driver which has been preserved, other driver is ignored [/home/ubuntu/Desktop/nthu_SoC/lab4/SoC_Design_Lab4_2/rtl/user/fir.v:241]
CRITICAL WARNING: [Synth 8-6858] multi-driven net Q is connected to at least one constant driver which has been preserved, other driver is ignored [/home/ubuntu/Desktop/nthu_SoC/lab4/SoC_Design_Lab4_2/rtl/user/fir.v:241]
CRITICAL WARNING: [Synth 8-6858] multi-driven net Q is connected to at least one constant driver which has been preserved, other driver is ignored [/home/ubuntu/Desktop/nthu_SoC/lab4/SoC_Design_Lab4_2/rtl/user/fir.v:241]
CRITICAL WARNING: [Synth 8-6858] multi-driven net Q is connected to at least one constant driver which has been preserved, other driver is ignored [/home/ubuntu/Desktop/nthu_SoC/lab4/SoC_Design_Lab4_2/rtl/user/fir.v:253]
CRITICAL WARNING: [Synth 8-6858] multi-driven net Q is connected to at least one constant driver which has been preserved, other driver is ignored [/home/ubuntu/Desktop/nthu_SoC/lab4/SoC_Design_Lab4_2/rtl/user/fir.v:257]
CRITICAL WARNING: [Synth 8-6858] multi-driven net Q is connected to at least one constant driver which has been preserved, other driver is ignored [/home/ubuntu/Desktop/nthu_SoC/lab4/SoC_Design_Lab4_2/rtl/user/fir.v:257]
CRITICAL WARNING: [Synth 8-6858] multi-driven net Q is connected to at least one constant driver which has been preserved, other driver is ignored [/home/ubuntu/Desktop/nthu_SoC/lab4/SoC_Design_Lab4_2/rtl/user/fir.v:257]
CRITICAL WARNING: [Synth 8-6858] multi-driven net Q is connected to at least one constant driver which has been preserved, other driver is ignored [/home/ubuntu/Desktop/nthu_SoC/lab4/SoC_Design_Lab4_2/rtl/user/fir.v:257]
CRITICAL WARNING: [Synth 8-6858] multi-driven net Q is connected to at least one constant driver which has been preserved, other driver is ignored [/home/ubuntu/Desktop/nthu_SoC/lab4/SoC_Design_Lab4_2/rtl/user/fir.v:140]
CRITICAL WARNING: [Synth 8-6858] multi-driven net Q is connected to at least one constant driver which has been preserved, other driver is ignored [/home/ubuntu/Desktop/nthu_SoC/lab4/SoC_Design_Lab4_2/rtl/user/fir.v:126]
CRITICAL WARNING: [Synth 8-6858] multi-driven net Q is connected to at least one constant driver which has been preserved, other driver is ignored [/home/ubuntu/Desktop/nthu_SoC/lab4/SoC_Design_Lab4_2/rtl/user/fir.v:126]
CRITICAL WARNING: [Synth 8-6858] multi-driven net Q is connected to at least one constant driver which has been preserved, other driver is ignored [/home/ubuntu/Desktop/nthu_SoC/lab4/SoC_Design_Lab4_2/rtl/user/fir.v:126]
CRITICAL WARNING: [Synth 8-6858] multi-driven net Q is connected to at least one constant driver which has been preserved, other driver is ignored [/home/ubuntu/Desktop/nthu_SoC/lab4/SoC_Design_Lab4_2/rtl/user/fir.v:126]
CRITICAL WARNING: [Synth 8-6858] multi-driven net Q is connected to at least one constant driver which has been preserved, other driver is ignored [/home/ubuntu/Desktop/nthu_SoC/lab4/SoC_Design_Lab4_2/rtl/user/fir.v:126]
CRITICAL WARNING: [Synth 8-6858] multi-driven net Q is connected to at least one constant driver which has been preserved, other driver is ignored [/home/ubuntu/Desktop/nthu_SoC/lab4/SoC_Design_Lab4_2/rtl/user/fir.v:126]
CRITICAL WARNING: [Synth 8-6858] multi-driven net Q is connected to at least one constant driver which has been preserved, other driver is ignored [/home/ubuntu/Desktop/nthu_SoC/lab4/SoC_Design_Lab4_2/rtl/user/fir.v:126]
CRITICAL WARNING: [Synth 8-6858] multi-driven net Q is connected to at least one constant driver which has been preserved, other driver is ignored [/home/ubuntu/Desktop/nthu_SoC/lab4/SoC_Design_Lab4_2/rtl/user/fir.v:126]
CRITICAL WARNING: [Synth 8-6858] multi-driven net Q is connected to at least one constant driver which has been preserved, other driver is ignored [/home/ubuntu/Desktop/nthu_SoC/lab4/SoC_Design_Lab4_2/rtl/user/fir.v:126]
CRITICAL WARNING: [Synth 8-6858] multi-driven net Q is connected to at least one constant driver which has been preserved, other driver is ignored [/home/ubuntu/Desktop/nthu_SoC/lab4/SoC_Design_Lab4_2/rtl/user/fir.v:126]
CRITICAL WARNING: [Synth 8-6858] multi-driven net Q is connected to at least one constant driver which has been preserved, other driver is ignored [/home/ubuntu/Desktop/nthu_SoC/lab4/SoC_Design_Lab4_2/rtl/user/fir.v:126]
CRITICAL WARNING: [Synth 8-6858] multi-driven net Q is connected to at least one constant driver which has been preserved, other driver is ignored [/home/ubuntu/Desktop/nthu_SoC/lab4/SoC_Design_Lab4_2/rtl/user/fir.v:126]
CRITICAL WARNING: [Synth 8-6858] multi-driven net Q is connected to at least one constant driver which has been preserved, other driver is ignored [/home/ubuntu/Desktop/nthu_SoC/lab4/SoC_Design_Lab4_2/rtl/user/fir.v:277]
CRITICAL WARNING: [Synth 8-6858] multi-driven net Q is connected to at least one constant driver which has been preserved, other driver is ignored [/home/ubuntu/Desktop/nthu_SoC/lab4/SoC_Design_Lab4_2/rtl/user/fir.v:277]
CRITICAL WARNING: [Synth 8-6858] multi-driven net Q is connected to at least one constant driver which has been preserved, other driver is ignored [/home/ubuntu/Desktop/nthu_SoC/lab4/SoC_Design_Lab4_2/rtl/user/fir.v:277]
CRITICAL WARNING: [Synth 8-6858] multi-driven net Q is connected to at least one constant driver which has been preserved, other driver is ignored [/home/ubuntu/Desktop/nthu_SoC/lab4/SoC_Design_Lab4_2/rtl/user/fir.v:277]
CRITICAL WARNING: [Synth 8-6858] multi-driven net Q is connected to at least one constant driver which has been preserved, other driver is ignored [/home/ubuntu/Desktop/nthu_SoC/lab4/SoC_Design_Lab4_2/rtl/user/fir.v:277]
CRITICAL WARNING: [Synth 8-6858] multi-driven net Q is connected to at least one constant driver which has been preserved, other driver is ignored [/home/ubuntu/Desktop/nthu_SoC/lab4/SoC_Design_Lab4_2/rtl/user/fir.v:277]
CRITICAL WARNING: [Synth 8-6858] multi-driven net Q is connected to at least one constant driver which has been preserved, other driver is ignored [/home/ubuntu/Desktop/nthu_SoC/lab4/SoC_Design_Lab4_2/rtl/user/fir.v:277]
CRITICAL WARNING: [Synth 8-6858] multi-driven net Q is connected to at least one constant driver which has been preserved, other driver is ignored [/home/ubuntu/Desktop/nthu_SoC/lab4/SoC_Design_Lab4_2/rtl/user/fir.v:277]
CRITICAL WARNING: [Synth 8-6858] multi-driven net Q is connected to at least one constant driver which has been preserved, other driver is ignored [/home/ubuntu/Desktop/nthu_SoC/lab4/SoC_Design_Lab4_2/rtl/user/fir.v:277]
CRITICAL WARNING: [Synth 8-6858] multi-driven net Q is connected to at least one constant driver which has been preserved, other driver is ignored [/home/ubuntu/Desktop/nthu_SoC/lab4/SoC_Design_Lab4_2/rtl/user/fir.v:277]
CRITICAL WARNING: [Synth 8-6858] multi-driven net Q is connected to at least one constant driver which has been preserved, other driver is ignored [/home/ubuntu/Desktop/nthu_SoC/lab4/SoC_Design_Lab4_2/rtl/user/fir.v:277]
CRITICAL WARNING: [Synth 8-6858] multi-driven net Q is connected to at least one constant driver which has been preserved, other driver is ignored [/home/ubuntu/Desktop/nthu_SoC/lab4/SoC_Design_Lab4_2/rtl/user/fir.v:234]
---------------------------------------------------------------------------------
Finished Cross Boundary and Area Optimization : Time (s): cpu = 00:00:10 ; elapsed = 00:00:14 . Memory (MB): peak = 2919.086 ; gain = 16.008 ; free physical = 1659 ; free virtual = 5806
---------------------------------------------------------------------------------
---------------------------------------------------------------------------------
Start ROM, RAM, DSP, Shift Register and Retiming Reporting
---------------------------------------------------------------------------------

Block RAM: Preliminary Mapping Report (see note below)
+------------------+-------------------+------------------------+---+---+------------------------+---+---+------------------+--------+--------+
|Module Name       | RTL Object        | PORT A (Depth x Width) | W | R | PORT B (Depth x Width) | W | R | Ports driving FF | RAMB18 | RAMB36 | 
+------------------+-------------------+------------------------+---+---+------------------------+---+---+------------------+--------+--------+
|user_proj_example | user_bram/RAM_reg | 4 K x 32(READ_FIRST)   | W |   | 4 K x 32(WRITE_FIRST)  |   | R | Port A and B     | 0      | 4      | 
+------------------+-------------------+------------------------+---+---+------------------------+---+---+------------------+--------+--------+

Note: The table above is a preliminary report that shows the Block RAMs at the current stage of the synthesis flow. Some Block RAMs may be reimplemented as non Block RAM primitives later in the synthesis flow. Multiple instantiated Block RAMs are reported only once. 

DSP: Preliminary Mapping Report (see note below. The ' indicates corresponding REG is set)
+------------------+----------------+--------+--------+--------+--------+--------+------+------+------+------+-------+------+------+
|Module Name       | DSP Mapping    | A Size | B Size | C Size | D Size | P Size | AREG | BREG | CREG | DREG | ADREG | MREG | PREG | 
+------------------+----------------+--------+--------+--------+--------+--------+------+------+------+------+-------+------+------+
|user_proj_example | A*B            | 18     | 16     | -      | -      | 48     | 0    | 0    | -    | -    | -     | 0    | 0    | 
|user_proj_example | (PCIN>>17)+A*B | 16     | 16     | -      | -      | 48     | 0    | 0    | -    | -    | -     | 0    | 0    | 
|user_proj_example | A*B            | 18     | 18     | -      | -      | 48     | 0    | 0    | -    | -    | -     | 0    | 0    | 
|user_proj_example | (PCIN>>17)+A*B | 18     | 16     | -      | -      | 48     | 0    | 0    | -    | -    | -     | 0    | 0    | 
+------------------+----------------+--------+--------+--------+--------+--------+------+------+------+------+-------+------+------+

Note: The table above is a preliminary report that shows the DSPs inferred at the current stage of the synthesis flow. Some DSP may be reimplemented as non DSP primitives later in the synthesis flow. Multiple instantiated DSPs are reported only once.
---------------------------------------------------------------------------------
Finished ROM, RAM, DSP, Shift Register and Retiming Reporting
---------------------------------------------------------------------------------
---------------------------------------------------------------------------------
Start Applying XDC Timing Constraints
---------------------------------------------------------------------------------
---------------------------------------------------------------------------------
Finished Applying XDC Timing Constraints : Time (s): cpu = 00:00:14 ; elapsed = 00:00:18 . Memory (MB): peak = 2919.086 ; gain = 16.008 ; free physical = 1541 ; free virtual = 5696
---------------------------------------------------------------------------------
---------------------------------------------------------------------------------
Start Timing Optimization
---------------------------------------------------------------------------------
---------------------------------------------------------------------------------
Finished Timing Optimization : Time (s): cpu = 00:00:14 ; elapsed = 00:00:18 . Memory (MB): peak = 2919.086 ; gain = 16.008 ; free physical = 1527 ; free virtual = 5682
---------------------------------------------------------------------------------
---------------------------------------------------------------------------------
Start ROM, RAM, DSP, Shift Register and Retiming Reporting
---------------------------------------------------------------------------------

Block RAM: Final Mapping Report
+------------------+-------------------+------------------------+---+---+------------------------+---+---+------------------+--------+--------+
|Module Name       | RTL Object        | PORT A (Depth x Width) | W | R | PORT B (Depth x Width) | W | R | Ports driving FF | RAMB18 | RAMB36 | 
+------------------+-------------------+------------------------+---+---+------------------------+---+---+------------------+--------+--------+
|user_proj_example | user_bram/RAM_reg | 4 K x 32(READ_FIRST)   | W |   | 4 K x 32(WRITE_FIRST)  |   | R | Port A and B     | 0      | 4      | 
+------------------+-------------------+------------------------+---+---+------------------------+---+---+------------------+--------+--------+

---------------------------------------------------------------------------------
Finished ROM, RAM, DSP, Shift Register and Retiming Reporting
---------------------------------------------------------------------------------
---------------------------------------------------------------------------------
Start Technology Mapping
---------------------------------------------------------------------------------
INFO: [Synth 8-7052] The timing for the instance user_bram/RAM_reg_0 (implemented as a Block RAM) might be sub-optimal as no optional output register could be merged into the ram block. Providing additional output register may help in improving timing.
INFO: [Synth 8-7052] The timing for the instance user_bram/RAM_reg_1 (implemented as a Block RAM) might be sub-optimal as no optional output register could be merged into the ram block. Providing additional output register may help in improving timing.
INFO: [Synth 8-7052] The timing for the instance user_bram/RAM_reg_2 (implemented as a Block RAM) might be sub-optimal as no optional output register could be merged into the ram block. Providing additional output register may help in improving timing.
INFO: [Synth 8-7052] The timing for the instance user_bram/RAM_reg_3 (implemented as a Block RAM) might be sub-optimal as no optional output register could be merged into the ram block. Providing additional output register may help in improving timing.
---------------------------------------------------------------------------------
Finished Technology Mapping : Time (s): cpu = 00:00:14 ; elapsed = 00:00:18 . Memory (MB): peak = 2919.086 ; gain = 16.008 ; free physical = 1527 ; free virtual = 5682
---------------------------------------------------------------------------------
---------------------------------------------------------------------------------
Start IO Insertion
---------------------------------------------------------------------------------
---------------------------------------------------------------------------------
Start Flattening Before IO Insertion
---------------------------------------------------------------------------------
---------------------------------------------------------------------------------
Finished Flattening Before IO Insertion
---------------------------------------------------------------------------------
---------------------------------------------------------------------------------
Start Final Netlist Cleanup
---------------------------------------------------------------------------------
---------------------------------------------------------------------------------
Finished Final Netlist Cleanup
---------------------------------------------------------------------------------
---------------------------------------------------------------------------------
Finished IO Insertion : Time (s): cpu = 00:00:17 ; elapsed = 00:00:22 . Memory (MB): peak = 2919.086 ; gain = 16.008 ; free physical = 1527 ; free virtual = 5682
---------------------------------------------------------------------------------
---------------------------------------------------------------------------------
Start Renaming Generated Instances
---------------------------------------------------------------------------------
---------------------------------------------------------------------------------
Finished Renaming Generated Instances : Time (s): cpu = 00:00:17 ; elapsed = 00:00:22 . Memory (MB): peak = 2919.086 ; gain = 16.008 ; free physical = 1527 ; free virtual = 5682
---------------------------------------------------------------------------------
---------------------------------------------------------------------------------
Start Rebuilding User Hierarchy
---------------------------------------------------------------------------------
---------------------------------------------------------------------------------
Finished Rebuilding User Hierarchy : Time (s): cpu = 00:00:17 ; elapsed = 00:00:22 . Memory (MB): peak = 2919.086 ; gain = 16.008 ; free physical = 1527 ; free virtual = 5682
---------------------------------------------------------------------------------
---------------------------------------------------------------------------------
Start Renaming Generated Ports
---------------------------------------------------------------------------------
---------------------------------------------------------------------------------
Finished Renaming Generated Ports : Time (s): cpu = 00:00:17 ; elapsed = 00:00:22 . Memory (MB): peak = 2919.086 ; gain = 16.008 ; free physical = 1527 ; free virtual = 5682
---------------------------------------------------------------------------------
---------------------------------------------------------------------------------
Start Handling Custom Attributes
---------------------------------------------------------------------------------
---------------------------------------------------------------------------------
Finished Handling Custom Attributes : Time (s): cpu = 00:00:17 ; elapsed = 00:00:22 . Memory (MB): peak = 2919.086 ; gain = 16.008 ; free physical = 1527 ; free virtual = 5682
---------------------------------------------------------------------------------
---------------------------------------------------------------------------------
Start Renaming Generated Nets
---------------------------------------------------------------------------------
---------------------------------------------------------------------------------
Finished Renaming Generated Nets : Time (s): cpu = 00:00:17 ; elapsed = 00:00:22 . Memory (MB): peak = 2919.086 ; gain = 16.008 ; free physical = 1527 ; free virtual = 5682
---------------------------------------------------------------------------------
---------------------------------------------------------------------------------
Start Writing Synthesis Report
---------------------------------------------------------------------------------

Report BlackBoxes: 
+-+--------------+----------+
| |BlackBox name |Instances |
+-+--------------+----------+
+-+--------------+----------+

Report Cell Usage: 
+------+---------+------+
|      |Cell     |Count |
+------+---------+------+
|1     |CARRY4   |     4|
|2     |LUT2     |    52|
|3     |LUT3     |     4|
|4     |LUT4     |     8|
|5     |LUT5     |     2|
|6     |LUT6     |     2|
|7     |RAMB36E1 |     4|
|8     |FDRE     |    17|
|9     |IBUF     |    69|
|10    |OBUF     |   176|
|11    |OBUFT    |    64|
+------+---------+------+
---------------------------------------------------------------------------------
Finished Writing Synthesis Report : Time (s): cpu = 00:00:17 ; elapsed = 00:00:22 . Memory (MB): peak = 2919.086 ; gain = 16.008 ; free physical = 1527 ; free virtual = 5682
---------------------------------------------------------------------------------
Synthesis finished with 0 errors, 291 critical warnings and 405 warnings.
Synthesis Optimization Runtime : Time (s): cpu = 00:00:16 ; elapsed = 00:00:19 . Memory (MB): peak = 2919.086 ; gain = 0.000 ; free physical = 1586 ; free virtual = 5741
Synthesis Optimization Complete : Time (s): cpu = 00:00:18 ; elapsed = 00:00:22 . Memory (MB): peak = 2919.094 ; gain = 16.008 ; free physical = 1585 ; free virtual = 5741
INFO: [Project 1-571] Translating synthesized netlist
Netlist sorting complete. Time (s): cpu = 00:00:00 ; elapsed = 00:00:00.01 . Memory (MB): peak = 2919.094 ; gain = 0.000 ; free physical = 1677 ; free virtual = 5833
INFO: [Netlist 29-17] Analyzing 8 Unisim elements for replacement
INFO: [Netlist 29-28] Unisim Transformation completed in 0 CPU seconds
INFO: [Project 1-570] Preparing netlist for logic optimization
INFO: [Opt 31-138] Pushed 0 inverter(s) to 0 load pin(s).
Netlist sorting complete. Time (s): cpu = 00:00:00 ; elapsed = 00:00:00 . Memory (MB): peak = 2919.094 ; gain = 0.000 ; free physical = 1614 ; free virtual = 5770
INFO: [Project 1-111] Unisim Transformation Summary:
No Unisim elements were transformed.

Synth Design complete, checksum: 9b06cd32
INFO: [Common 17-83] Releasing license: Synthesis
30 Infos, 218 Warnings, 197 Critical Warnings and 0 Errors encountered.
synth_design completed successfully
synth_design: Time (s): cpu = 00:00:24 ; elapsed = 00:00:26 . Memory (MB): peak = 2919.094 ; gain = 16.016 ; free physical = 1815 ; free virtual = 5971
INFO: [runtcl-6] Synthesis results are not added to the cache due to CRITICAL_WARNING
INFO: [Common 17-1381] The checkpoint '/home/ubuntu/Desktop/nthu_SoC/lab4/SoC_Design_Lab4_2/testbench/counter_la_fir/vivado/project_1/project_1.runs/synth_1/user_proj_example.dcp' has been generated.
INFO: [runtcl-4] Executing : report_utilization -file user_proj_example_utilization_synth.rpt -pb user_proj_example_utilization_synth.pb
INFO: [Common 17-206] Exiting Vivado at Thu Nov  9 08:19:35 2023...
